<?xml version="1.0" encoding="UTF-8"?>
<!-- Generated by org.testng.reporters.JUnitXMLReporter -->
<testsuite hostname="MSI" ignored="0" name="Login tests " tests="4" failures="0" timestamp="2020-03-24T23:11:50 EDT" time="25.314" errors="0">
  <testcase name="login" time="0.456" classname="io.duotech.tests.LoginTest"/>
  <testcase name="loginPOMPattern" time="0.43" classname="io.duotech.tests.LoginTest"/>
  <testcase name="loginPOMPatternNegative" time="0.269" classname="io.duotech.tests.LoginTest"/>
  <testcase name="testRun" time="0.002" classname="io.duotech.tests.LoginTest"/>
</testsuite> <!-- Login tests  -->
